<?xml version="1.0" encoding="UTF-8"?>
<testng-results ignored="0" total="1" passed="1" failed="0" skipped="0">
  <reporter-output>
  </reporter-output>
  <suite started-at="2025-10-16T22:21:33 IST" name="Default suite" finished-at="2025-10-16T22:21:34 IST" duration-ms="1056">
    <groups>
    </groups>
    <test started-at="2025-10-16T22:21:33 IST" name="Default test" finished-at="2025-10-16T22:21:34 IST" duration-ms="1056">
      <class name="pages.GoogleMapAddPlace_pojo">
        <test-method signature="addPlaceUsingPOJOFunc()[pri:0, instance:pages.GoogleMapAddPlace_pojo@1817d444]" started-at="2025-10-16T22:21:33 IST" name="addPlaceUsingPOJOFunc" finished-at="2025-10-16T22:21:34 IST" duration-ms="1034" status="PASS">
          <reporter-output>
          </reporter-output>
        </test-method> <!-- addPlaceUsingPOJOFunc -->
      </class> <!-- pages.GoogleMapAddPlace_pojo -->
    </test> <!-- Default test -->
  </suite> <!-- Default suite -->
</testng-results>
